<?xml version="1.0" encoding="UTF-8"?>
<!-- Generated by org.testng.reporters.JUnitReportReporter -->
<testsuite hostname="Dell" failures="0" tests="3" name="com.SwagLabs.TestCase.LoginPageTestcase" time="0.234" errors="0" timestamp="2023-10-04T11:36:46 IST" skipped="0">
  <testcase classname="com.SwagLabs.TestCase.LoginPageTestcase" name="verifyCurrentUrl" time="0.010"/>
  <testcase classname="com.SwagLabs.TestCase.LoginPageTestcase" name="verifyTitle" time="0.008"/>
  <testcase classname="com.SwagLabs.TestCase.LoginPageTestcase" name="verifyLogin" time="0.216"/>
</testsuite> <!-- com.SwagLabs.TestCase.LoginPageTestcase -->
