<?xml version="1.0" encoding="UTF-8"?>
<!-- Generated by org.testng.reporters.JUnitReportReporter -->
<testsuite hostname="Dell" failures="0" tests="4" name="com.SwagLabs.TestCase.AddToCartPageTestCase" time="8.830" errors="0" timestamp="2023-10-05T11:04:04 IST" skipped="0">
  <testcase classname="com.SwagLabs.TestCase.AddToCartPageTestCase" name="verifyAppOpenState" time="0.107"/>
  <testcase classname="com.SwagLabs.TestCase.AddToCartPageTestCase" name="verifyRemove" time="2.116"/>
  <testcase classname="com.SwagLabs.TestCase.AddToCartPageTestCase" name="verifyContiune" time="6.508"/>
  <testcase classname="com.SwagLabs.TestCase.AddToCartPageTestCase" name="verifyCheckOut" time="0.099"/>
</testsuite> <!-- com.SwagLabs.TestCase.AddToCartPageTestCase -->
