<?xml version="1.0" encoding="UTF-8"?>
<!-- Generated by org.testng.reporters.JUnitReportReporter -->
<testsuite hostname="Dell" failures="0" tests="3" name="com.SwagLabs.TestCase.InventorypageTestCase" time="0.348" errors="0" timestamp="2023-10-04T19:38:46 IST" skipped="0">
  <testcase classname="com.SwagLabs.TestCase.InventorypageTestCase" name="verifyTotalProductCount" time="0.038"/>
  <testcase classname="com.SwagLabs.TestCase.InventorypageTestCase" name="verifyProductName" time="0.107"/>
  <testcase classname="com.SwagLabs.TestCase.InventorypageTestCase" name="verifyAddToacrtTest" time="0.203"/>
</testsuite> <!-- com.SwagLabs.TestCase.InventorypageTestCase -->
