<?xml version="1.0" encoding="UTF-8"?>
<!-- Generated by org.testng.reporters.JUnitReportReporter -->
<testsuite hostname="Dell" failures="0" tests="2" name="com.SwagLabs.TestCase.CheckoutpageTestCase" time="0.622" errors="0" timestamp="2023-10-09T14:15:47 IST" skipped="1">
  <testcase classname="com.SwagLabs.TestCase.CheckoutpageTestCase" name="verifyCheckout" time="0.622"/>
  <testcase classname="com.SwagLabs.TestCase.CheckoutpageTestCase" name="verifyCancel">
    <skipped/>
  </testcase> <!-- verifyCancel -->
</testsuite> <!-- com.SwagLabs.TestCase.CheckoutpageTestCase -->
